<?xml version="1.0" encoding="UTF-8"?>
<beans xmlns="http://www.springframework.org/schema/beans"
       xmlns:xsi="http://www.w3.org/2001/XMLSchema-instance"
       xmlns:context="http://www.springframework.org/schema/context"
       xsi:schemaLocation="http://www.springframework.org/schema/beans http://www.springframework.org/schema/beans/spring-beans.xsd
                           http://www.springframework.org/schema/context http://www.springframework.org/schema/context/spring-context.xsd">

    <context:property-placeholder/>
    <context:annotation-config/>

    <!-- Simple JTA TransactionManager -->
    <bean name="simpleJtaTransactionManager" class="nl.futureedge.simple.jta.JtaTransactionManager">
        <property name="uniqueName" value="test"/>
        <property name="jtaTransactionStore">
            <bean class="nl.futureedge.simple.jta.store.jdbc.JdbcTransactionStore">
                <property name="create" value="true"/>
                <property name="url" value="jdbc:hsqldb:hsql://localhost:${test.database.port}/trans"/>
                <property name="user" value="sa"/>
                <property name="password" value=""/>
            </bean>
        </property>
    </bean>

    <!-- Spring transaction manager -->
    <bean name="transactionManager" class="org.springframework.transaction.jta.JtaTransactionManager">
        <property name="transactionManager" ref="simpleJtaTransactionManager"/>
    </bean>

    <!-- Vendor provided XA DataSource -->
    <bean name="xaDataSource" class="org.hsqldb.jdbc.pool.JDBCXADataSource">
        <property name="url" value="jdbc:hsqldb:hsql://localhost:${test.database.port}/test"/>
        <property name="user" value="sa"/>
        <property name="password" value=""/>
    </bean>

    <!-- Simple JTA DataSource wrapper -->
    <bean name="dataSource" class="nl.futureedge.simple.jta.jdbc.XADataSourceAdapter">
        <property name="uniqueName" value="database1"/>
        <property name="xaDataSource" ref="xaDataSource"/>
    </bean>

    <!-- Vendor provided XA ConnectionFactory -->
    <bean name="xaConnectionFactory" class="org.apache.activemq.ActiveMQXAConnectionFactory">
        <property name="brokerURL" value="tcp://localhost:${test.broker.port}"/>
    </bean>

    <!-- Simple JTA ConnectionFactory wrapper -->
    <bean name="connectionFactory" class="nl.futureedge.simple.jta.jms.XAConnectionFactoryAdapter">
        <property name="uniqueName" value="message1"/>
        <property name="xaConnectionFactory" ref="xaConnectionFactory"/>
    </bean>

    <!-- Spring provided templates to work with transactions, databases and messaging -->

    <bean name="transactionTemplate" class="org.springframework.transaction.support.TransactionTemplate">
        <property name="transactionManager" ref="transactionManager"/>
    </bean>

    <bean name="jdbcTemplate" class="org.springframework.jdbc.core.JdbcTemplate">
        <property name="dataSource" ref="dataSource"/>
    </bean>

    <bean name="jmsTemplate" class="org.springframework.jms.core.JmsTemplate">
        <property name="connectionFactory" ref="connectionFactory"/>
    </bean>
</beans>

