<?xml version="1.0" encoding="UTF-8"?>
<beans xmlns="http://www.springframework.org/schema/beans"
       xmlns:xsi="http://www.w3.org/2001/XMLSchema-instance"
       xmlns:context="http://www.springframework.org/schema/context"
       xmlns:simple-jta="http://www.future-edge.nl/schema/simple/jta"
       xsi:schemaLocation="http://www.springframework.org/schema/beans http://www.springframework.org/schema/beans/spring-beans-4.2.xsd
                           http://www.springframework.org/schema/context http://www.springframework.org/schema/context/spring-context.xsd
                           http://www.future-edge.nl/schema/simple/jta http://www.future-edge.nl/schema/simple/jta/simple-jta.xsd">

    <context:property-placeholder/>
    <context:annotation-config/>

    <!-- TransactionManager -->
    <simple-jta:transaction-manager name="transactionManager" unique-name="test">
        <simple-jta:jdbc-transaction-store create="true" url="jdbc:hsqldb:hsql://localhost:${test.database.port}/trans" user="sa" password="" />
        <!--
        <simple-jta:file-transaction-store location="target/transaction-logs"/>
        -->
    </simple-jta:transaction-manager>

    <!-- DataSource -->
    <bean name="xaDataSource" class="org.hsqldb.jdbc.pool.JDBCXADataSource">
        <property name="url" value="jdbc:hsqldb:hsql://localhost:${test.database.port}/test"/>
        <property name="user" value="sa"/>
        <property name="password" value=""/>
    </bean>

    <simple-jta:data-source name="dataSource" unique-name="database1" xa-data-source="xaDataSource"/>

    <!-- ConnectionFactory -->
    <bean name="xaConnectionFactory" class="org.apache.activemq.ActiveMQXAConnectionFactory">
        <property name="brokerURL" value="tcp://localhost:${test.broker.port}"/>
    </bean>

    <simple-jta:connection-factory name="connectionFactory" unique-name="message1" xa-connection-factory="xaConnectionFactory"/>

    <!-- Templates -->

    <bean name="transactionTemplate" class="org.springframework.transaction.support.TransactionTemplate">
        <property name="transactionManager" ref="transactionManager"/>
    </bean>

    <bean name="jdbcTemplate" class="org.springframework.jdbc.core.JdbcTemplate">
        <property name="dataSource" ref="dataSource"/>
    </bean>

    <bean name="jmsTemplate" class="org.springframework.jms.core.JmsTemplate">
        <property name="connectionFactory" ref="connectionFactory"/>
    </bean>
</beans>

