<?xml version="1.0" encoding="UTF-8"?>
<!--
  #%L
  Simple JTA
  %%
  Copyright (C) 2017 Future Edge IT
  %%
  Licensed under the Apache License, Version 2.0 (the "License");
  you may not use this file except in compliance with the License.
  You may obtain a copy of the License at
  
       http://www.apache.org/licenses/LICENSE-2.0
  
  Unless required by applicable law or agreed to in writing, software
  distributed under the License is distributed on an "AS IS" BASIS,
  WITHOUT WARRANTIES OR CONDITIONS OF ANY KIND, either express or implied.
  See the License for the specific language governing permissions and
  limitations under the License.
  #L%
  -->

<beans xmlns="http://www.springframework.org/schema/beans"
       xmlns:xsi="http://www.w3.org/2001/XMLSchema-instance"
       xmlns:context="http://www.springframework.org/schema/context"
       xmlns:jdbc="http://www.springframework.org/schema/jdbc"
       xmlns:simple-jta="http://www.future-edge.nl/schema/simple/jta"
       xsi:schemaLocation="http://www.springframework.org/schema/beans http://www.springframework.org/schema/beans/spring-beans.xsd
                           http://www.springframework.org/schema/context http://www.springframework.org/schema/context/spring-context.xsd
                           http://www.springframework.org/schema/jdbc http://www.springframework.org/schema/jdbc/spring-jdbc.xsd
                           http://www.future-edge.nl/schema/simple/jta http://www.future-edge.nl/schema/simple/jta/simple-jta.xsd">

    <context:property-placeholder />
    <context:annotation-config/>

    <!-- TransactionManager -->
    <simple-jta:transaction-manager name="transactionManager" unique-name="test">
        <simple-jta:jdbc-transaction-store create="true" url="jdbc:hsqldb:mem:trans" user="sa" password="" />
    </simple-jta:transaction-manager>

    <!-- DataSource -->
    <bean name="xaDataSource" class="org.hsqldb.jdbc.pool.JDBCXADataSource">
        <property name="url" value="jdbc:hsqldb:mem:test"/>
        <property name="user" value="sa"/>
        <property name="password" value=""/>
    </bean>

    <simple-jta:data-source name="dataSource" unique-name="database1" xa-data-source="xaDataSource"/>

    <jdbc:initialize-database ignore-failures="DROPS" data-source="dataSource">
        <jdbc:script location="classpath:sql/test-ddl-hsqldb.sql" encoding="UTF-8"/>
        <jdbc:script location="classpath:sql/test-ddl.sql" encoding="UTF-8"/>
    </jdbc:initialize-database>

    <!-- Templates -->

    <bean name="transactionTemplate" class="org.springframework.transaction.support.TransactionTemplate">
        <property name="transactionManager" ref="transactionManager"/>
    </bean>

    <bean name="jdbcTemplate" class="org.springframework.jdbc.core.JdbcTemplate">
        <property name="dataSource" ref="dataSource"/>
    </bean>
</beans>

